[2022-06-02 12:16:58.190] DEBUG SpringJUnit4ClassRunner.<init>(SpringJUnit4ClassRunner.java:139) - SpringJUnit4ClassRunner constructor called with [class com.pcwk.ehr.JTvPcwk]
[2022-06-02 12:16:58.195] DEBUG BootstrapUtils.createCacheAwareContextLoaderDelegate(BootstrapUtils.java:108) - Instantiating CacheAwareContextLoaderDelegate from class [org.springframework.test.context.cache.DefaultCacheAwareContextLoaderDelegate]
[2022-06-02 12:16:58.200] DEBUG BootstrapUtils.createBootstrapContext(BootstrapUtils.java:88) - Instantiating BootstrapContext using constructor [public org.springframework.test.context.support.DefaultBootstrapContext(java.lang.Class,org.springframework.test.context.CacheAwareContextLoaderDelegate)]
[2022-06-02 12:16:58.218] DEBUG BootstrapUtils.resolveTestContextBootstrapper(BootstrapUtils.java:143) - Instantiating TestContextBootstrapper for test class [com.pcwk.ehr.JTvPcwk] from class [org.springframework.test.context.support.DefaultTestContextBootstrapper]
[2022-06-02 12:16:58.233] DEBUG AbstractDelegatingSmartContextLoader.delegateProcessing(AbstractDelegatingSmartContextLoader.java:263) - Delegating to GenericXmlContextLoader to process context configuration [ContextConfigurationAttributes@49ec71f8 declaringClass = 'com.pcwk.ehr.JTvPcwk', classes = '{}', locations = '{/applicationContext.xml}', inheritLocations = true, initializers = '{}', inheritInitializers = true, name = [null], contextLoaderClass = 'org.springframework.test.context.ContextLoader'].
[2022-06-02 12:16:58.256] DEBUG ActiveProfilesUtils.resolveActiveProfiles(ActiveProfilesUtils.java:79) - Could not find an 'annotation declaring class' for annotation type [org.springframework.test.context.ActiveProfiles] and class [com.pcwk.ehr.JTvPcwk]
[2022-06-02 12:16:58.256] DEBUG AbstractTestContextBootstrapper.getTestExecutionListeners(AbstractTestContextBootstrapper.java:124) - @TestExecutionListeners is not present for class [com.pcwk.ehr.JTvPcwk]: using defaults.
[2022-06-02 12:16:58.257] INFO  AbstractTestContextBootstrapper.getDefaultTestExecutionListenerClassNames(AbstractTestContextBootstrapper.java:245) - Loaded default TestExecutionListener class names from location [META-INF/spring.factories]: [org.springframework.test.context.web.ServletTestExecutionListener, org.springframework.test.context.support.DirtiesContextBeforeModesTestExecutionListener, org.springframework.test.context.event.ApplicationEventsTestExecutionListener, org.springframework.test.context.support.DependencyInjectionTestExecutionListener, org.springframework.test.context.support.DirtiesContextTestExecutionListener, org.springframework.test.context.transaction.TransactionalTestExecutionListener, org.springframework.test.context.jdbc.SqlScriptsTestExecutionListener, org.springframework.test.context.event.EventPublishingTestExecutionListener]
[2022-06-02 12:16:58.260] DEBUG AbstractTestContextBootstrapper.instantiateListeners(AbstractTestContextBootstrapper.java:189) - Skipping candidate TestExecutionListener [org.springframework.test.context.web.ServletTestExecutionListener] due to a missing dependency. Specify custom listener classes or make the default listener classes and their required dependencies available. Offending class: [javax/servlet/ServletContext]
[2022-06-02 12:16:58.266] INFO  AbstractTestContextBootstrapper.getTestExecutionListeners(AbstractTestContextBootstrapper.java:174) - Using TestExecutionListeners: [org.springframework.test.context.support.DirtiesContextBeforeModesTestExecutionListener@26794848, org.springframework.test.context.event.ApplicationEventsTestExecutionListener@302552ec, org.springframework.test.context.support.DependencyInjectionTestExecutionListener@3d285d7e, org.springframework.test.context.support.DirtiesContextTestExecutionListener@40005471, org.springframework.test.context.transaction.TransactionalTestExecutionListener@2cd76f31, org.springframework.test.context.jdbc.SqlScriptsTestExecutionListener@367ffa75, org.springframework.test.context.event.EventPublishingTestExecutionListener@49438269]
[2022-06-02 12:16:58.267] DEBUG ProfileValueUtils.retrieveProfileValueSource(ProfileValueUtils.java:70) - Retrieved @ProfileValueSourceConfiguration [null] for test class [com.pcwk.ehr.JTvPcwk]
[2022-06-02 12:16:58.268] DEBUG ProfileValueUtils.retrieveProfileValueSource(ProfileValueUtils.java:83) - Retrieved ProfileValueSource type [class org.springframework.test.annotation.SystemProfileValueSource] for class [com.pcwk.ehr.JTvPcwk]
[2022-06-02 12:16:58.269] DEBUG ProfileValueUtils.retrieveProfileValueSource(ProfileValueUtils.java:70) - Retrieved @ProfileValueSourceConfiguration [null] for test class [com.pcwk.ehr.JTvPcwk]
[2022-06-02 12:16:58.269] DEBUG ProfileValueUtils.retrieveProfileValueSource(ProfileValueUtils.java:83) - Retrieved ProfileValueSource type [class org.springframework.test.annotation.SystemProfileValueSource] for class [com.pcwk.ehr.JTvPcwk]
[2022-06-02 12:16:58.269] DEBUG ProfileValueUtils.retrieveProfileValueSource(ProfileValueUtils.java:70) - Retrieved @ProfileValueSourceConfiguration [null] for test class [com.pcwk.ehr.JTvPcwk]
[2022-06-02 12:16:58.269] DEBUG ProfileValueUtils.retrieveProfileValueSource(ProfileValueUtils.java:83) - Retrieved ProfileValueSource type [class org.springframework.test.annotation.SystemProfileValueSource] for class [com.pcwk.ehr.JTvPcwk]
[2022-06-02 12:16:58.276] DEBUG ProfileValueUtils.retrieveProfileValueSource(ProfileValueUtils.java:70) - Retrieved @ProfileValueSourceConfiguration [null] for test class [com.pcwk.ehr.JTvPcwk]
[2022-06-02 12:16:58.276] DEBUG ProfileValueUtils.retrieveProfileValueSource(ProfileValueUtils.java:83) - Retrieved ProfileValueSource type [class org.springframework.test.annotation.SystemProfileValueSource] for class [com.pcwk.ehr.JTvPcwk]
[2022-06-02 12:16:58.277] DEBUG ProfileValueUtils.retrieveProfileValueSource(ProfileValueUtils.java:70) - Retrieved @ProfileValueSourceConfiguration [null] for test class [com.pcwk.ehr.JTvPcwk]
[2022-06-02 12:16:58.277] DEBUG ProfileValueUtils.retrieveProfileValueSource(ProfileValueUtils.java:83) - Retrieved ProfileValueSource type [class org.springframework.test.annotation.SystemProfileValueSource] for class [com.pcwk.ehr.JTvPcwk]
[2022-06-02 12:16:58.277] DEBUG ProfileValueUtils.retrieveProfileValueSource(ProfileValueUtils.java:70) - Retrieved @ProfileValueSourceConfiguration [null] for test class [com.pcwk.ehr.JTvPcwk]
[2022-06-02 12:16:58.277] DEBUG ProfileValueUtils.retrieveProfileValueSource(ProfileValueUtils.java:83) - Retrieved ProfileValueSource type [class org.springframework.test.annotation.SystemProfileValueSource] for class [com.pcwk.ehr.JTvPcwk]
[2022-06-02 12:16:58.279] DEBUG AbstractDirtiesContextTestExecutionListener.beforeOrAfterTestClass(AbstractDirtiesContextTestExecutionListener.java:143) - Before test class: context [DefaultTestContext@2002fc1d testClass = JTvPcwk, testInstance = [null], testMethod = [null], testException = [null], mergedContextConfiguration = [MergedContextConfiguration@69453e37 testClass = JTvPcwk, locations = '{classpath:/applicationContext.xml}', classes = '{}', contextInitializerClasses = '[]', activeProfiles = '{}', propertySourceLocations = '{}', propertySourceProperties = '{}', contextCustomizers = set[[empty]], contextLoader = 'org.springframework.test.context.support.DelegatingSmartContextLoader', parent = [null]], attributes = map[[empty]]], class annotated with @DirtiesContext [false] with mode [null].
[2022-06-02 12:16:58.281] DEBUG ProfileValueUtils.retrieveProfileValueSource(ProfileValueUtils.java:70) - Retrieved @ProfileValueSourceConfiguration [null] for test class [com.pcwk.ehr.JTvPcwk]
[2022-06-02 12:16:58.281] DEBUG ProfileValueUtils.retrieveProfileValueSource(ProfileValueUtils.java:83) - Retrieved ProfileValueSource type [class org.springframework.test.annotation.SystemProfileValueSource] for class [com.pcwk.ehr.JTvPcwk]
[2022-06-02 12:16:58.282] DEBUG DependencyInjectionTestExecutionListener.prepareTestInstance(DependencyInjectionTestExecutionListener.java:81) - Performing dependency injection for test context [[DefaultTestContext@2002fc1d testClass = JTvPcwk, testInstance = com.pcwk.ehr.JTvPcwk@3c3d9b6b, testMethod = [null], testException = [null], mergedContextConfiguration = [MergedContextConfiguration@69453e37 testClass = JTvPcwk, locations = '{classpath:/applicationContext.xml}', classes = '{}', contextInitializerClasses = '[]', activeProfiles = '{}', propertySourceLocations = '{}', propertySourceProperties = '{}', contextCustomizers = set[[empty]], contextLoader = 'org.springframework.test.context.support.DelegatingSmartContextLoader', parent = [null]], attributes = map['org.springframework.test.context.event.ApplicationEventsTestExecutionListener.recordApplicationEvents' -> false]]].
[2022-06-02 12:16:58.283] DEBUG AbstractDelegatingSmartContextLoader.delegateLoading(AbstractDelegatingSmartContextLoader.java:273) - Delegating to GenericXmlContextLoader to load context from [MergedContextConfiguration@69453e37 testClass = JTvPcwk, locations = '{classpath:/applicationContext.xml}', classes = '{}', contextInitializerClasses = '[]', activeProfiles = '{}', propertySourceLocations = '{}', propertySourceProperties = '{}', contextCustomizers = set[[empty]], contextLoader = 'org.springframework.test.context.support.DelegatingSmartContextLoader', parent = [null]].
[2022-06-02 12:16:58.283] DEBUG AbstractGenericContextLoader.loadContext(AbstractGenericContextLoader.java:107) - Loading ApplicationContext for merged context configuration [[MergedContextConfiguration@69453e37 testClass = JTvPcwk, locations = '{classpath:/applicationContext.xml}', classes = '{}', contextInitializerClasses = '[]', activeProfiles = '{}', propertySourceLocations = '{}', propertySourceProperties = '{}', contextCustomizers = set[[empty]], contextLoader = 'org.springframework.test.context.support.DelegatingSmartContextLoader', parent = [null]]].
[2022-06-02 12:16:58.315] DEBUG AbstractEnvironment.setActiveProfiles(AbstractEnvironment.java:302) - Activating profiles []
[2022-06-02 12:16:58.394] DEBUG XmlBeanDefinitionReader.doLoadBeanDefinitions(XmlBeanDefinitionReader.java:393) - Loaded 2 bean definitions from class path resource [applicationContext.xml]
[2022-06-02 12:16:58.405] DEBUG AbstractApplicationContext.prepareRefresh(AbstractApplicationContext.java:629) - Refreshing org.springframework.context.support.GenericApplicationContext@762ef0ea
[2022-06-02 12:16:58.431] DEBUG DefaultSingletonBeanRegistry.getSingleton(DefaultSingletonBeanRegistry.java:225) - Creating shared instance of singleton bean 'org.springframework.context.annotation.internalConfigurationAnnotationProcessor'
[2022-06-02 12:16:58.464] DEBUG DefaultSingletonBeanRegistry.getSingleton(DefaultSingletonBeanRegistry.java:225) - Creating shared instance of singleton bean 'org.springframework.context.event.internalEventListenerProcessor'
[2022-06-02 12:16:58.466] DEBUG DefaultSingletonBeanRegistry.getSingleton(DefaultSingletonBeanRegistry.java:225) - Creating shared instance of singleton bean 'org.springframework.context.event.internalEventListenerFactory'
[2022-06-02 12:16:58.467] DEBUG DefaultSingletonBeanRegistry.getSingleton(DefaultSingletonBeanRegistry.java:225) - Creating shared instance of singleton bean 'org.springframework.context.annotation.internalAutowiredAnnotationProcessor'
[2022-06-02 12:16:58.468] DEBUG DefaultSingletonBeanRegistry.getSingleton(DefaultSingletonBeanRegistry.java:225) - Creating shared instance of singleton bean 'org.springframework.context.annotation.internalCommonAnnotationProcessor'
[2022-06-02 12:16:58.475] DEBUG DefaultSingletonBeanRegistry.getSingleton(DefaultSingletonBeanRegistry.java:225) - Creating shared instance of singleton bean 'speaker'
[2022-06-02 12:16:58.477] DEBUG SonySpeaker.<init>(SonySpeaker.java:12) - SonySpeaker  생성자 호출
[2022-06-02 12:16:58.481] DEBUG DefaultSingletonBeanRegistry.getSingleton(DefaultSingletonBeanRegistry.java:225) - Creating shared instance of singleton bean 'samsungTV'
[2022-06-02 12:16:58.497] DEBUG SamsungTV.<init>(SamsungTV.java:28) - 삼성 TV인자 2개 생성자 호출!
[2022-06-02 12:16:58.497] DEBUG SamsungTV.<init>(SamsungTV.java:29) - price:20000000
[2022-06-02 12:16:58.498] DEBUG SamsungTV.initMethod(SamsungTV.java:41) - 삼성 TV initMethod()
[2022-06-02 12:16:58.507] DEBUG DefaultCacheAwareContextLoaderDelegate.loadContext(DefaultCacheAwareContextLoaderDelegate.java:126) - Storing ApplicationContext [1982787818] in cache under key [[MergedContextConfiguration@69453e37 testClass = JTvPcwk, locations = '{classpath:/applicationContext.xml}', classes = '{}', contextInitializerClasses = '[]', activeProfiles = '{}', propertySourceLocations = '{}', propertySourceProperties = '{}', contextCustomizers = set[[empty]], contextLoader = 'org.springframework.test.context.support.DelegatingSmartContextLoader', parent = [null]]]
[2022-06-02 12:16:58.507] DEBUG DefaultContextCache.logStatistics(DefaultContextCache.java:290) - Spring test ApplicationContext cache statistics: [DefaultContextCache@4dc27487 size = 1, maxSize = 32, parentContextCount = 0, hitCount = 0, missCount = 1]
[2022-06-02 12:16:58.512] DEBUG DefaultCacheAwareContextLoaderDelegate.loadContext(DefaultCacheAwareContextLoaderDelegate.java:137) - Retrieved ApplicationContext [1982787818] from cache with key [[MergedContextConfiguration@69453e37 testClass = JTvPcwk, locations = '{classpath:/applicationContext.xml}', classes = '{}', contextInitializerClasses = '[]', activeProfiles = '{}', propertySourceLocations = '{}', propertySourceProperties = '{}', contextCustomizers = set[[empty]], contextLoader = 'org.springframework.test.context.support.DelegatingSmartContextLoader', parent = [null]]]
[2022-06-02 12:16:58.512] DEBUG DefaultContextCache.logStatistics(DefaultContextCache.java:290) - Spring test ApplicationContext cache statistics: [DefaultContextCache@4dc27487 size = 1, maxSize = 32, parentContextCount = 0, hitCount = 1, missCount = 1]
[2022-06-02 12:16:58.530] DEBUG AbstractDirtiesContextTestExecutionListener.beforeOrAfterTestMethod(AbstractDirtiesContextTestExecutionListener.java:108) - Before test method: context [DefaultTestContext@2002fc1d testClass = JTvPcwk, testInstance = com.pcwk.ehr.JTvPcwk@3c3d9b6b, testMethod = tvTest@JTvPcwk, testException = [null], mergedContextConfiguration = [MergedContextConfiguration@69453e37 testClass = JTvPcwk, locations = '{classpath:/applicationContext.xml}', classes = '{}', contextInitializerClasses = '[]', activeProfiles = '{}', propertySourceLocations = '{}', propertySourceProperties = '{}', contextCustomizers = set[[empty]], contextLoader = 'org.springframework.test.context.support.DelegatingSmartContextLoader', parent = [null]], attributes = map['org.springframework.test.context.event.ApplicationEventsTestExecutionListener.recordApplicationEvents' -> false]], class annotated with @DirtiesContext [false] with mode [null], method annotated with @DirtiesContext [false] with mode [null].
[2022-06-02 12:16:58.535] DEBUG DefaultCacheAwareContextLoaderDelegate.loadContext(DefaultCacheAwareContextLoaderDelegate.java:137) - Retrieved ApplicationContext [1982787818] from cache with key [[MergedContextConfiguration@69453e37 testClass = JTvPcwk, locations = '{classpath:/applicationContext.xml}', classes = '{}', contextInitializerClasses = '[]', activeProfiles = '{}', propertySourceLocations = '{}', propertySourceProperties = '{}', contextCustomizers = set[[empty]], contextLoader = 'org.springframework.test.context.support.DelegatingSmartContextLoader', parent = [null]]]
[2022-06-02 12:16:58.535] DEBUG DefaultContextCache.logStatistics(DefaultContextCache.java:290) - Spring test ApplicationContext cache statistics: [DefaultContextCache@4dc27487 size = 1, maxSize = 32, parentContextCount = 0, hitCount = 2, missCount = 1]
[2022-06-02 12:16:58.535] DEBUG JTvPcwk.setUp(JTvPcwk.java:28) - --------------------------
[2022-06-02 12:16:58.536] DEBUG JTvPcwk.setUp(JTvPcwk.java:29) - -0 setUp()-
[2022-06-02 12:16:58.536] DEBUG JTvPcwk.setUp(JTvPcwk.java:30) - --------------------------
[2022-06-02 12:16:58.538] DEBUG JTvPcwk.setUp(JTvPcwk.java:34) - -context-org.springframework.context.support.GenericApplicationContext@762ef0ea, started on Thu Jun 02 12:16:58 KST 2022
[2022-06-02 12:16:58.538] DEBUG JTvPcwk.setUp(JTvPcwk.java:35) - -tv01-com.pcwk.ehr.SamsungTV@461ad730
[2022-06-02 12:16:58.538] DEBUG JTvPcwk.setUp(JTvPcwk.java:36) - -tv02-com.pcwk.ehr.SamsungTV@461ad730
[2022-06-02 12:16:58.539] DEBUG DefaultCacheAwareContextLoaderDelegate.loadContext(DefaultCacheAwareContextLoaderDelegate.java:137) - Retrieved ApplicationContext [1982787818] from cache with key [[MergedContextConfiguration@69453e37 testClass = JTvPcwk, locations = '{classpath:/applicationContext.xml}', classes = '{}', contextInitializerClasses = '[]', activeProfiles = '{}', propertySourceLocations = '{}', propertySourceProperties = '{}', contextCustomizers = set[[empty]], contextLoader = 'org.springframework.test.context.support.DelegatingSmartContextLoader', parent = [null]]]
[2022-06-02 12:16:58.539] DEBUG DefaultContextCache.logStatistics(DefaultContextCache.java:290) - Spring test ApplicationContext cache statistics: [DefaultContextCache@4dc27487 size = 1, maxSize = 32, parentContextCount = 0, hitCount = 3, missCount = 1]
[2022-06-02 12:16:58.539] DEBUG JTvPcwk.tvTest(JTvPcwk.java:51) - ===========================
[2022-06-02 12:16:58.539] DEBUG JTvPcwk.tvTest(JTvPcwk.java:52) - =tvTest()=
[2022-06-02 12:16:58.539] DEBUG JTvPcwk.tvTest(JTvPcwk.java:53) - ===========================
[2022-06-02 12:16:58.539] DEBUG SamsungTV.powerOn(SamsungTV.java:53) - 삼성 TV 전원을 켠다.
[2022-06-02 12:16:58.539] DEBUG SonySpeaker.volumeUp(SonySpeaker.java:16) - SonySpeaker  volumeUp 호출
[2022-06-02 12:16:58.540] DEBUG SonySpeaker.volumeDown(SonySpeaker.java:20) - SonySpeaker  volumeDown 호출
[2022-06-02 12:16:58.540] DEBUG SamsungTV.powerOff(SamsungTV.java:58) - 삼성 TV 전원을 끈다.
[2022-06-02 12:16:58.541] DEBUG DefaultCacheAwareContextLoaderDelegate.loadContext(DefaultCacheAwareContextLoaderDelegate.java:137) - Retrieved ApplicationContext [1982787818] from cache with key [[MergedContextConfiguration@69453e37 testClass = JTvPcwk, locations = '{classpath:/applicationContext.xml}', classes = '{}', contextInitializerClasses = '[]', activeProfiles = '{}', propertySourceLocations = '{}', propertySourceProperties = '{}', contextCustomizers = set[[empty]], contextLoader = 'org.springframework.test.context.support.DelegatingSmartContextLoader', parent = [null]]]
[2022-06-02 12:16:58.541] DEBUG DefaultContextCache.logStatistics(DefaultContextCache.java:290) - Spring test ApplicationContext cache statistics: [DefaultContextCache@4dc27487 size = 1, maxSize = 32, parentContextCount = 0, hitCount = 4, missCount = 1]
[2022-06-02 12:16:58.542] DEBUG JTvPcwk.tearDown(JTvPcwk.java:44) - --------------------------
[2022-06-02 12:16:58.542] DEBUG JTvPcwk.tearDown(JTvPcwk.java:45) - -9 tearDown()-
[2022-06-02 12:16:58.542] DEBUG JTvPcwk.tearDown(JTvPcwk.java:46) - --------------------------
[2022-06-02 12:16:58.542] DEBUG DefaultCacheAwareContextLoaderDelegate.loadContext(DefaultCacheAwareContextLoaderDelegate.java:137) - Retrieved ApplicationContext [1982787818] from cache with key [[MergedContextConfiguration@69453e37 testClass = JTvPcwk, locations = '{classpath:/applicationContext.xml}', classes = '{}', contextInitializerClasses = '[]', activeProfiles = '{}', propertySourceLocations = '{}', propertySourceProperties = '{}', contextCustomizers = set[[empty]], contextLoader = 'org.springframework.test.context.support.DelegatingSmartContextLoader', parent = [null]]]
[2022-06-02 12:16:58.543] DEBUG DefaultContextCache.logStatistics(DefaultContextCache.java:290) - Spring test ApplicationContext cache statistics: [DefaultContextCache@4dc27487 size = 1, maxSize = 32, parentContextCount = 0, hitCount = 5, missCount = 1]
[2022-06-02 12:16:58.543] DEBUG AbstractDirtiesContextTestExecutionListener.beforeOrAfterTestMethod(AbstractDirtiesContextTestExecutionListener.java:108) - After test method: context [DefaultTestContext@2002fc1d testClass = JTvPcwk, testInstance = com.pcwk.ehr.JTvPcwk@3c3d9b6b, testMethod = tvTest@JTvPcwk, testException = [null], mergedContextConfiguration = [MergedContextConfiguration@69453e37 testClass = JTvPcwk, locations = '{classpath:/applicationContext.xml}', classes = '{}', contextInitializerClasses = '[]', activeProfiles = '{}', propertySourceLocations = '{}', propertySourceProperties = '{}', contextCustomizers = set[[empty]], contextLoader = 'org.springframework.test.context.support.DelegatingSmartContextLoader', parent = [null]], attributes = map['org.springframework.test.context.event.ApplicationEventsTestExecutionListener.recordApplicationEvents' -> false]], class annotated with @DirtiesContext [false] with mode [null], method annotated with @DirtiesContext [false] with mode [null].
[2022-06-02 12:16:58.544] DEBUG DefaultCacheAwareContextLoaderDelegate.loadContext(DefaultCacheAwareContextLoaderDelegate.java:137) - Retrieved ApplicationContext [1982787818] from cache with key [[MergedContextConfiguration@69453e37 testClass = JTvPcwk, locations = '{classpath:/applicationContext.xml}', classes = '{}', contextInitializerClasses = '[]', activeProfiles = '{}', propertySourceLocations = '{}', propertySourceProperties = '{}', contextCustomizers = set[[empty]], contextLoader = 'org.springframework.test.context.support.DelegatingSmartContextLoader', parent = [null]]]
[2022-06-02 12:16:58.544] DEBUG DefaultContextCache.logStatistics(DefaultContextCache.java:290) - Spring test ApplicationContext cache statistics: [DefaultContextCache@4dc27487 size = 1, maxSize = 32, parentContextCount = 0, hitCount = 6, missCount = 1]
[2022-06-02 12:16:58.544] DEBUG AbstractDirtiesContextTestExecutionListener.beforeOrAfterTestClass(AbstractDirtiesContextTestExecutionListener.java:143) - After test class: context [DefaultTestContext@2002fc1d testClass = JTvPcwk, testInstance = [null], testMethod = [null], testException = [null], mergedContextConfiguration = [MergedContextConfiguration@69453e37 testClass = JTvPcwk, locations = '{classpath:/applicationContext.xml}', classes = '{}', contextInitializerClasses = '[]', activeProfiles = '{}', propertySourceLocations = '{}', propertySourceProperties = '{}', contextCustomizers = set[[empty]], contextLoader = 'org.springframework.test.context.support.DelegatingSmartContextLoader', parent = [null]], attributes = map['org.springframework.test.context.event.ApplicationEventsTestExecutionListener.recordApplicationEvents' -> false]], class annotated with @DirtiesContext [false] with mode [null].
[2022-06-02 12:16:58.546] DEBUG AbstractApplicationContext.doClose(AbstractApplicationContext.java:1049) - Closing org.springframework.context.support.GenericApplicationContext@762ef0ea, started on Thu Jun 02 12:16:58 KST 2022
[2022-06-02 12:16:58.547] DEBUG SamsungTV.destroyMethod(SamsungTV.java:48) - 삼성 TV destroyMethod()
