[2022-05-27 09:24:13.870] DEBUG SimpleConnectionMaker.makeNewConnection(SimpleConnectionMaker.java:27) - ================================
[2022-05-27 09:24:13.877] DEBUG SimpleConnectionMaker.makeNewConnection(SimpleConnectionMaker.java:28) - =connection=oracle.jdbc.driver.T4CConnection@59d016c9
[2022-05-27 09:24:13.878] DEBUG SimpleConnectionMaker.makeNewConnection(SimpleConnectionMaker.java:29) - ================================
[2022-05-27 09:24:13.878] DEBUG UserDao.add(UserDao.java:112) - ================================
[2022-05-27 09:24:13.878] DEBUG UserDao.add(UserDao.java:113) - param: UserVO [uId=p05, name=김무엘5, passwd=4321]
[2022-05-27 09:24:13.878] DEBUG UserDao.add(UserDao.java:114) - SQL:
 INSERT INTO hr_member (  
     u_id,                
     name,                
     passwd               
 ) VALUES (               
     ?,                   
     ?,                   
     ?                    
 )                        

[2022-05-27 09:24:13.878] DEBUG UserDao.add(UserDao.java:115) - ================================
[2022-05-27 09:24:13.963] DEBUG UserDao.add(UserDao.java:125) - ================================
[2022-05-27 09:24:13.963] DEBUG UserDao.add(UserDao.java:126) - =flag=1
[2022-05-27 09:24:13.963] DEBUG UserDao.add(UserDao.java:127) - ================================
[2022-05-27 09:24:13.964] DEBUG UserDaoTest.add(UserDaoTest.java:36) - =======================
[2022-05-27 09:24:13.964] DEBUG UserDaoTest.add(UserDaoTest.java:37) - =등록성공=
[2022-05-27 09:24:13.964] DEBUG UserDaoTest.add(UserDaoTest.java:38) - =======================
[2022-05-27 09:24:14.016] DEBUG SimpleConnectionMaker.makeNewConnection(SimpleConnectionMaker.java:27) - ================================
[2022-05-27 09:24:14.016] DEBUG SimpleConnectionMaker.makeNewConnection(SimpleConnectionMaker.java:28) - =connection=oracle.jdbc.driver.T4CConnection@1750fbeb
[2022-05-27 09:24:14.016] DEBUG SimpleConnectionMaker.makeNewConnection(SimpleConnectionMaker.java:29) - ================================
[2022-05-27 09:24:14.016] DEBUG UserDao.get(UserDao.java:48) - =========================
[2022-05-27 09:24:14.016] DEBUG UserDao.get(UserDao.java:49) - param: UserVO [uId=p05, name=김무엘5, passwd=4321]
[2022-05-27 09:24:14.016] DEBUG UserDao.get(UserDao.java:50) - SQL:
 SELECT         
     u_id,      
     name,      
     passwd     
 FROM hr_member 
 WHERE u_id = ? 

[2022-05-27 09:24:14.016] DEBUG UserDao.get(UserDao.java:51) - =========================
[2022-05-27 09:24:14.057] DEBUG UserDao.get(UserDao.java:68) - =========================
[2022-05-27 09:24:14.057] DEBUG UserDao.get(UserDao.java:69) - =outVO=UserVO [uId=p05, name=김무엘5, passwd=4321]
[2022-05-27 09:24:14.057] DEBUG UserDao.get(UserDao.java:70) - =========================
[2022-05-27 09:24:14.058] DEBUG UserDaoTest.get(UserDaoTest.java:22) - =======================
[2022-05-27 09:24:14.058] DEBUG UserDaoTest.get(UserDaoTest.java:23) - =조회성공=
[2022-05-27 09:24:14.058] DEBUG UserDaoTest.get(UserDaoTest.java:24) - =======================
